<testsuites id="" name="" tests="80" failures="11" skipped="0" errors="0" time="365.462536">
<testsuite name="01-auth.spec.ts" timestamp="2025-12-09T06:02:56.512Z" hostname="chromium" tests="10" failures="2" skipped="0" time="94.053" errors="0">
<testcase name="认证模块 › Admin登录成功" classname="01-auth.spec.ts" time="6.495">
</testcase>
<testcase name="认证模块 › 主办方登录成功" classname="01-auth.spec.ts" time="5.727">
</testcase>
<testcase name="认证模块 › 赞助商登录成功" classname="01-auth.spec.ts" time="6.149">
</testcase>
<testcase name="认证模块 › 登录失败 - 错误密码" classname="01-auth.spec.ts" time="2.865">
</testcase>
<testcase name="认证模块 › 登录失败 - 不存在的用户" classname="01-auth.spec.ts" time="2.315">
</testcase>
<testcase name="认证模块 › 登出功能" classname="01-auth.spec.ts" time="7.764">
</testcase>
<testcase name="认证模块 › 修改密码" classname="01-auth.spec.ts" time="17.446">
</testcase>
<testcase name="认证模块 › 查看个人信息" classname="01-auth.spec.ts" time="28.925">
<failure message="01-auth.spec.ts:101:7 查看个人信息" type="FAILURE">
<![CDATA[  [chromium] › 01-auth.spec.ts:101:7 › 认证模块 › 查看个人信息 ───────────────────────────────────────────────

    Error: 登录后未跳转，当前URL: http://localhost:3000/login

       at setup/helpers.ts:83

      81 |       const finalUrl = page.url()
      82 |       if (finalUrl.includes('/login')) {
    > 83 |         throw new Error(`登录后未跳转，当前URL: ${finalUrl}`)
         |               ^
      84 |       }
      85 |     }
      86 |     // 如果已经跳转，说明登录成功，直接返回
        at login (/Users/krame/Workspace/aiproject/Hackathon/test/playwright/103/tests/setup/helpers.ts:83:15)
        at /Users/krame/Workspace/aiproject/Hackathon/test/playwright/103/tests/01-auth.spec.ts:102:5

    attachment #1: screenshot (image/png) ──────────────────────────────────────────────────────────
    ../test-results/01-auth-认证模块-查看个人信息-chromium/test-failed-1.png
    ────────────────────────────────────────────────────────────────────────────────────────────────

    attachment #2: video (video/webm) ──────────────────────────────────────────────────────────────
    ../test-results/01-auth-认证模块-查看个人信息-chromium/video.webm
    ────────────────────────────────────────────────────────────────────────────────────────────────

    Error Context: ../test-results/01-auth-认证模块-查看个人信息-chromium/error-context.md
]]>
</failure>
<system-out>
<![CDATA[
[[ATTACHMENT|../test-results/01-auth-认证模块-查看个人信息-chromium/test-failed-1.png]]

[[ATTACHMENT|../test-results/01-auth-认证模块-查看个人信息-chromium/video.webm]]

[[ATTACHMENT|../test-results/01-auth-认证模块-查看个人信息-chromium/error-context.md]]
]]>
</system-out>
</testcase>
<testcase name="认证模块 › 修改个人信息" classname="01-auth.spec.ts" time="11.155">
<failure message="01-auth.spec.ts:111:7 修改个人信息" type="FAILURE">
<![CDATA[  [chromium] › 01-auth.spec.ts:111:7 › 认证模块 › 修改个人信息 ───────────────────────────────────────────────

    Error: expect(locator).toHaveValue(expected) failed

    Locator:  locator('[data-testid="profile-form-name-input"]')
    Expected: "新姓名1765260211364"
    Received: "新姓名1765257956375"
    Timeout:  5000ms

    Call log:
      - Expect "toHaveValue" with timeout 5000ms
      - waiting for locator('[data-testid="profile-form-name-input"]')
        8 × locator resolved to <input id="name" type="text" aria-label="姓名输入框" placeholder="请输入姓名" aria-required="true" value="新姓名1765257956375" data-testid="profile-form-name-input" class="ant-input ant-input-lg css-dev-only-do-not-override-198drv2 ant-input-outlined ant-input-status-success"/>
          - unexpected value "新姓名1765257956375"


      127 |     // 验证修改成功
      128 |     await page.reload()
    > 129 |     await expect(page.locator('[data-testid="profile-form-name-input"]')).toHaveValue(newName)
          |                                                                           ^
      130 |     await expect(page.locator('[data-testid="profile-form-phone-input"]')).toHaveValue(newPhone)
      131 |   })
      132 |
        at /Users/krame/Workspace/aiproject/Hackathon/test/playwright/103/tests/01-auth.spec.ts:129:75

    attachment #1: screenshot (image/png) ──────────────────────────────────────────────────────────
    ../test-results/01-auth-认证模块-修改个人信息-chromium/test-failed-1.png
    ────────────────────────────────────────────────────────────────────────────────────────────────

    attachment #2: video (video/webm) ──────────────────────────────────────────────────────────────
    ../test-results/01-auth-认证模块-修改个人信息-chromium/video.webm
    ────────────────────────────────────────────────────────────────────────────────────────────────

    Error Context: ../test-results/01-auth-认证模块-修改个人信息-chromium/error-context.md
]]>
</failure>
<system-out>
<![CDATA[
[[ATTACHMENT|../test-results/01-auth-认证模块-修改个人信息-chromium/test-failed-1.png]]

[[ATTACHMENT|../test-results/01-auth-认证模块-修改个人信息-chromium/video.webm]]

[[ATTACHMENT|../test-results/01-auth-认证模块-修改个人信息-chromium/error-context.md]]
]]>
</system-out>
</testcase>
<testcase name="认证模块 › 不能修改邮箱和角色" classname="01-auth.spec.ts" time="5.212">
</testcase>
</testsuite>
<testsuite name="02-page-access.spec.ts" timestamp="2025-12-09T06:02:56.512Z" hostname="chromium" tests="19" failures="0" skipped="0" time="90.661" errors="0">
<testcase name="页面访问权限 › Admin权限 › 可以访问登录页面" classname="02-page-access.spec.ts" time="5.531">
</testcase>
<testcase name="页面访问权限 › Admin权限 › 可以访问仪表盘" classname="02-page-access.spec.ts" time="5.023">
</testcase>
<testcase name="页面访问权限 › Admin权限 › 可以访问人员管理页面" classname="02-page-access.spec.ts" time="5.834">
</testcase>
<testcase name="页面访问权限 › Admin权限 › 可以访问活动列表页面" classname="02-page-access.spec.ts" time="5.372">
</testcase>
<testcase name="页面访问权限 › Admin权限 › 不能访问活动创建页面" classname="02-page-access.spec.ts" time="4.944">
</testcase>
<testcase name="页面访问权限 › Admin权限 › 可以访问个人中心" classname="02-page-access.spec.ts" time="5.404">
</testcase>
<testcase name="页面访问权限 › 主办方权限 › 可以访问登录页面" classname="02-page-access.spec.ts" time="4.747">
</testcase>
<testcase name="页面访问权限 › 主办方权限 › 可以访问仪表盘" classname="02-page-access.spec.ts" time="4.874">
</testcase>
<testcase name="页面访问权限 › 主办方权限 › 不能访问人员管理页面" classname="02-page-access.spec.ts" time="4.858">
</testcase>
<testcase name="页面访问权限 › 主办方权限 › 可以访问活动列表页面" classname="02-page-access.spec.ts" time="5.494">
</testcase>
<testcase name="页面访问权限 › 主办方权限 › 可以访问活动创建页面" classname="02-page-access.spec.ts" time="5.247">
</testcase>
<testcase name="页面访问权限 › 主办方权限 › 可以访问个人中心" classname="02-page-access.spec.ts" time="4.537">
</testcase>
<testcase name="页面访问权限 › 赞助商权限 › 可以访问登录页面" classname="02-page-access.spec.ts" time="4.639">
</testcase>
<testcase name="页面访问权限 › 赞助商权限 › 不能访问仪表盘" classname="02-page-access.spec.ts" time="4.416">
</testcase>
<testcase name="页面访问权限 › 赞助商权限 › 不能访问人员管理页面" classname="02-page-access.spec.ts" time="4.465">
</testcase>
<testcase name="页面访问权限 › 赞助商权限 › 不能访问活动列表页面" classname="02-page-access.spec.ts" time="4.477">
</testcase>
<testcase name="页面访问权限 › 赞助商权限 › 不能访问活动创建页面" classname="02-page-access.spec.ts" time="4.476">
</testcase>
<testcase name="页面访问权限 › 赞助商权限 › 可以访问个人中心" classname="02-page-access.spec.ts" time="4.892">
</testcase>
<testcase name="页面访问权限 › 未登录用户 › 访问受保护页面应该重定向到登录页" classname="02-page-access.spec.ts" time="1.431">
</testcase>
</testsuite>
<testsuite name="03-user-management.spec.ts" timestamp="2025-12-09T06:02:56.512Z" hostname="chromium" tests="10" failures="2" skipped="0" time="132.529" errors="0">
<testcase name="用户管理操作权限 › Admin可以查看人员列表" classname="03-user-management.spec.ts" time="7.034">
</testcase>
<testcase name="用户管理操作权限 › Admin可以添加主办方人员" classname="03-user-management.spec.ts" time="11.603">
</testcase>
<testcase name="用户管理操作权限 › Admin可以添加赞助商人员" classname="03-user-management.spec.ts" time="15.385">
</testcase>
<testcase name="用户管理操作权限 › Admin可以编辑人员信息" classname="03-user-management.spec.ts" time="23.14">
<failure message="03-user-management.spec.ts:108:7 Admin可以编辑人员信息" type="FAILURE">
<![CDATA[  [chromium] › 03-user-management.spec.ts:108:7 › 用户管理操作权限 › Admin可以编辑人员信息 ─────────────────────────

    Error: expect(locator).toBeVisible() failed

    Locator: locator('text=编辑后的姓名1765260294308')
    Expected: visible
    Timeout: 10000ms
    Error: element(s) not found

    Call log:
      - Expect "toBeVisible" with timeout 10000ms
      - waiting for locator('text=编辑后的姓名1765260294308')


      138 |       
      139 |       // 等待并查找新姓名
    > 140 |       await expect(page.locator(`text=${newName}`)).toBeVisible({ timeout: 10000 })
          |                                                     ^
      141 |     }
      142 |   })
      143 |
        at /Users/krame/Workspace/aiproject/Hackathon/test/playwright/103/tests/03-user-management.spec.ts:140:53

    attachment #1: screenshot (image/png) ──────────────────────────────────────────────────────────
    ../test-results/03-user-management-用户管理操作权限-Admin可以编辑人员信息-chromium/test-failed-1.png
    ────────────────────────────────────────────────────────────────────────────────────────────────

    attachment #2: video (video/webm) ──────────────────────────────────────────────────────────────
    ../test-results/03-user-management-用户管理操作权限-Admin可以编辑人员信息-chromium/video.webm
    ────────────────────────────────────────────────────────────────────────────────────────────────

    Error Context: ../test-results/03-user-management-用户管理操作权限-Admin可以编辑人员信息-chromium/error-context.md
]]>
</failure>
<system-out>
<![CDATA[
[[ATTACHMENT|../test-results/03-user-management-用户管理操作权限-Admin可以编辑人员信息-chromium/test-failed-1.png]]

[[ATTACHMENT|../test-results/03-user-management-用户管理操作权限-Admin可以编辑人员信息-chromium/video.webm]]

[[ATTACHMENT|../test-results/03-user-management-用户管理操作权限-Admin可以编辑人员信息-chromium/error-context.md]]
]]>
</system-out>
</testcase>
<testcase name="用户管理操作权限 › Admin可以删除人员" classname="03-user-management.spec.ts" time="31.783">
<failure message="03-user-management.spec.ts:144:7 Admin可以删除人员" type="FAILURE">
<![CDATA[  [chromium] › 03-user-management.spec.ts:144:7 › 用户管理操作权限 › Admin可以删除人员 ───────────────────────────

    Test timeout of 30000ms exceeded.

    Error: page.click: Test timeout of 30000ms exceeded.
    Call log:
      - waiting for locator('[data-testid^="user-management-delete-confirm-"] button:has-text("确定")')


      180 |       
      181 |       // 确认删除
    > 182 |       await page.click('[data-testid^="user-management-delete-confirm-"] button:has-text("确定")')
          |                  ^
      183 |       await waitForMessage(page, 'success')
      184 |
      185 |       // 验证用户已删除
        at /Users/krame/Workspace/aiproject/Hackathon/test/playwright/103/tests/03-user-management.spec.ts:182:18

    attachment #1: screenshot (image/png) ──────────────────────────────────────────────────────────
    ../test-results/03-user-management-用户管理操作权限-Admin可以删除人员-chromium/test-failed-1.png
    ────────────────────────────────────────────────────────────────────────────────────────────────

    attachment #2: video (video/webm) ──────────────────────────────────────────────────────────────
    ../test-results/03-user-management-用户管理操作权限-Admin可以删除人员-chromium/video.webm
    ────────────────────────────────────────────────────────────────────────────────────────────────

    Error Context: ../test-results/03-user-management-用户管理操作权限-Admin可以删除人员-chromium/error-context.md
]]>
</failure>
<system-out>
<![CDATA[
[[ATTACHMENT|../test-results/03-user-management-用户管理操作权限-Admin可以删除人员-chromium/test-failed-1.png]]

[[ATTACHMENT|../test-results/03-user-management-用户管理操作权限-Admin可以删除人员-chromium/video.webm]]

[[ATTACHMENT|../test-results/03-user-management-用户管理操作权限-Admin可以删除人员-chromium/error-context.md]]
]]>
</system-out>
</testcase>
<testcase name="用户管理操作权限 › Admin可以重置人员密码" classname="03-user-management.spec.ts" time="9.078">
</testcase>
<testcase name="用户管理操作权限 › 主办方不能访问人员管理页面" classname="03-user-management.spec.ts" time="10.295">
</testcase>
<testcase name="用户管理操作权限 › 赞助商不能访问人员管理页面" classname="03-user-management.spec.ts" time="10.858">
</testcase>
<testcase name="用户管理操作权限 › 按角色筛选人员" classname="03-user-management.spec.ts" time="7.441">
</testcase>
<testcase name="用户管理操作权限 › 按姓名/邮箱搜索人员" classname="03-user-management.spec.ts" time="5.912">
</testcase>
</testsuite>
<testsuite name="04-hackathon-management.spec.ts" timestamp="2025-12-09T06:02:56.512Z" hostname="chromium" tests="12" failures="1" skipped="0" time="94.347" errors="0">
<testcase name="活动管理操作权限 › 活动列表操作 › Admin可以查看活动列表" classname="04-hackathon-management.spec.ts" time="6.04">
</testcase>
<testcase name="活动管理操作权限 › 活动列表操作 › Admin不能创建活动" classname="04-hackathon-management.spec.ts" time="5.805">
</testcase>
<testcase name="活动管理操作权限 › 活动列表操作 › 按活动状态筛选" classname="04-hackathon-management.spec.ts" time="7.929">
</testcase>
<testcase name="活动管理操作权限 › 活动列表操作 › 按创建时间排序" classname="04-hackathon-management.spec.ts" time="9.204">
</testcase>
<testcase name="活动管理操作权限 › 活动创建/编辑操作 › 主办方可以创建活动" classname="04-hackathon-management.spec.ts" time="16.471">
<failure message="04-hackathon-management.spec.ts:67:9 主办方可以创建活动" type="FAILURE">
<![CDATA[  [chromium] › 04-hackathon-management.spec.ts:67:9 › 活动管理操作权限 › 活动创建/编辑操作 › 主办方可以创建活动 ─────────────

    TimeoutError: locator.waitFor: Timeout 10000ms exceeded.
    Call log:
      - waiting for locator('[data-testid="hackathon-create-form-description-quill"] .ql-editor') to be visible


      79 |       await page.waitForTimeout(1000) // 等待编辑器加载
      80 |       const descriptionEditor = page.locator('[data-testid="hackathon-create-form-description-quill"] .ql-editor')
    > 81 |       await descriptionEditor.waitFor({ state: 'visible', timeout: 10000 })
         |                               ^
      82 |       await descriptionEditor.click()
      83 |       await descriptionEditor.fill(`这是测试活动${timestamp}的描述`)
      84 |
        at /Users/krame/Workspace/aiproject/Hackathon/test/playwright/103/tests/04-hackathon-management.spec.ts:81:31

    attachment #1: screenshot (image/png) ──────────────────────────────────────────────────────────
    ../test-results/04-hackathon-management-活动管理操作权限-活动创建-编辑操作-主办方可以创建活动-chromium/test-failed-1.png
    ────────────────────────────────────────────────────────────────────────────────────────────────

    attachment #2: video (video/webm) ──────────────────────────────────────────────────────────────
    ../test-results/04-hackathon-management-活动管理操作权限-活动创建-编辑操作-主办方可以创建活动-chromium/video.webm
    ────────────────────────────────────────────────────────────────────────────────────────────────

    Error Context: ../test-results/04-hackathon-management-活动管理操作权限-活动创建-编辑操作-主办方可以创建活动-chromium/error-context.md
]]>
</failure>
<system-out>
<![CDATA[
[[ATTACHMENT|../test-results/04-hackathon-management-活动管理操作权限-活动创建-编辑操作-主办方可以创建活动-chromium/test-failed-1.png]]

[[ATTACHMENT|../test-results/04-hackathon-management-活动管理操作权限-活动创建-编辑操作-主办方可以创建活动-chromium/video.webm]]

[[ATTACHMENT|../test-results/04-hackathon-management-活动管理操作权限-活动创建-编辑操作-主办方可以创建活动-chromium/error-context.md]]
]]>
</system-out>
</testcase>
<testcase name="活动管理操作权限 › 活动创建/编辑操作 › 主办方可以编辑自己创建的预备状态活动" classname="04-hackathon-management.spec.ts" time="6.978">
</testcase>
<testcase name="活动管理操作权限 › 活动创建/编辑操作 › 主办方可以发布自己创建的活动" classname="04-hackathon-management.spec.ts" time="8.912">
</testcase>
<testcase name="活动管理操作权限 › 活动创建/编辑操作 › Admin不能创建活动" classname="04-hackathon-management.spec.ts" time="5.679">
</testcase>
<testcase name="活动管理操作权限 › 活动创建/编辑操作 › Admin不能编辑活动" classname="04-hackathon-management.spec.ts" time="6.947">
</testcase>
<testcase name="活动管理操作权限 › 活动详情查看 › Admin可以查看活动详情" classname="04-hackathon-management.spec.ts" time="6.778">
</testcase>
<testcase name="活动管理操作权限 › 活动详情查看 › 主办方可以查看活动详情" classname="04-hackathon-management.spec.ts" time="6.61">
</testcase>
<testcase name="活动管理操作权限 › 活动详情查看 › 查看活动统计信息" classname="04-hackathon-management.spec.ts" time="6.994">
</testcase>
</testsuite>
<testsuite name="05-stages.spec.ts" timestamp="2025-12-09T06:02:56.512Z" hostname="chromium" tests="6" failures="0" skipped="0" time="42.479" errors="0">
<testcase name="活动阶段管理 › 活动创建者可以访问阶段管理页面" classname="05-stages.spec.ts" time="7.615">
</testcase>
<testcase name="活动阶段管理 › 活动创建者可以设置阶段时间" classname="05-stages.spec.ts" time="7.948">
</testcase>
<testcase name="活动阶段管理 › 活动创建者可以查看时间轴视图" classname="05-stages.spec.ts" time="6.092">
</testcase>
<testcase name="活动阶段管理 › 活动创建者可以手动切换活动阶段" classname="05-stages.spec.ts" time="7.331">
</testcase>
<testcase name="活动阶段管理 › Admin不能管理活动阶段" classname="05-stages.spec.ts" time="6.551">
</testcase>
<testcase name="活动阶段管理 › 其他主办方不能管理非自己创建的活动阶段" classname="05-stages.spec.ts" time="6.942">
</testcase>
</testsuite>
<testsuite name="06-pagination.spec.ts" timestamp="2025-12-09T06:02:56.512Z" hostname="chromium" tests="8" failures="1" skipped="0" time="63.671" errors="0">
<testcase name="分页功能测试 › 用户管理分页 › 用户列表支持分页" classname="06-pagination.spec.ts" time="7.884">
</testcase>
<testcase name="分页功能测试 › 用户管理分页 › 可以切换每页显示数量" classname="06-pagination.spec.ts" time="9.72">
<failure message="06-pagination.spec.ts:20:9 可以切换每页显示数量" type="FAILURE">
<![CDATA[  [chromium] › 06-pagination.spec.ts:20:9 › 分页功能测试 › 用户管理分页 › 可以切换每页显示数量 ───────────────────────────

    Error: expect(received).toBeLessThanOrEqual(expected)

    Expected: <= 20
    Received:    21

      37 |             const rows = page.locator('[data-testid="user-management-table"] tbody tr')
      38 |             const count = await rows.count()
    > 39 |             expect(count).toBeLessThanOrEqual(20)
         |                           ^
      40 |           }
      41 |         }
      42 |       }
        at /Users/krame/Workspace/aiproject/Hackathon/test/playwright/103/tests/06-pagination.spec.ts:39:27

    attachment #1: screenshot (image/png) ──────────────────────────────────────────────────────────
    ../test-results/06-pagination-分页功能测试-用户管理分页-可以切换每页显示数量-chromium/test-failed-1.png
    ────────────────────────────────────────────────────────────────────────────────────────────────

    attachment #2: video (video/webm) ──────────────────────────────────────────────────────────────
    ../test-results/06-pagination-分页功能测试-用户管理分页-可以切换每页显示数量-chromium/video.webm
    ────────────────────────────────────────────────────────────────────────────────────────────────

    Error Context: ../test-results/06-pagination-分页功能测试-用户管理分页-可以切换每页显示数量-chromium/error-context.md
]]>
</failure>
<system-out>
<![CDATA[
[[ATTACHMENT|../test-results/06-pagination-分页功能测试-用户管理分页-可以切换每页显示数量-chromium/test-failed-1.png]]

[[ATTACHMENT|../test-results/06-pagination-分页功能测试-用户管理分页-可以切换每页显示数量-chromium/video.webm]]

[[ATTACHMENT|../test-results/06-pagination-分页功能测试-用户管理分页-可以切换每页显示数量-chromium/error-context.md]]
]]>
</system-out>
</testcase>
<testcase name="分页功能测试 › 用户管理分页 › 可以翻页" classname="06-pagination.spec.ts" time="7.186">
</testcase>
<testcase name="分页功能测试 › 用户管理分页 › 显示总记录数" classname="06-pagination.spec.ts" time="7.625">
</testcase>
<testcase name="分页功能测试 › 活动列表分页 › 活动列表支持分页" classname="06-pagination.spec.ts" time="7.315">
</testcase>
<testcase name="分页功能测试 › 活动列表分页 › 可以切换每页显示数量" classname="06-pagination.spec.ts" time="8.73">
</testcase>
<testcase name="分页功能测试 › 活动列表分页 › 可以翻页" classname="06-pagination.spec.ts" time="5.815">
</testcase>
<testcase name="分页功能测试 › 活动列表分页 › 筛选和排序后分页仍然有效" classname="06-pagination.spec.ts" time="9.396">
</testcase>
</testsuite>
<testsuite name="07-profile.spec.ts" timestamp="2025-12-09T06:02:56.512Z" hostname="chromium" tests="15" failures="5" skipped="0" time="166.537" errors="0">
<testcase name="个人中心 › 所有角色 › Admin可以访问个人中心" classname="07-profile.spec.ts" time="6.326">
</testcase>
<testcase name="个人中心 › 所有角色 › 主办方可以访问个人中心" classname="07-profile.spec.ts" time="5.209">
</testcase>
<testcase name="个人中心 › 所有角色 › 赞助商可以访问个人中心" classname="07-profile.spec.ts" time="4.412">
</testcase>
<testcase name="个人中心 › 查看个人信息 › 可以查看姓名" classname="07-profile.spec.ts" time="4.711">
</testcase>
<testcase name="个人中心 › 查看个人信息 › 可以查看邮箱（只读）" classname="07-profile.spec.ts" time="4.685">
</testcase>
<testcase name="个人中心 › 查看个人信息 › 可以查看角色（只读）" classname="07-profile.spec.ts" time="4.498">
</testcase>
<testcase name="个人中心 › 查看个人信息 › 可以查看手机号" classname="07-profile.spec.ts" time="4.533">
</testcase>
<testcase name="个人中心 › 修改个人信息 › 可以修改姓名" classname="07-profile.spec.ts" time="11.887">
<failure message="07-profile.spec.ts:60:9 可以修改姓名" type="FAILURE">
<![CDATA[  [chromium] › 07-profile.spec.ts:60:9 › 个人中心 › 修改个人信息 › 可以修改姓名 ────────────────────────────────────

    Error: expect(locator).toHaveValue(expected) failed

    Locator:  locator('[data-testid="profile-form-name-input"]')
    Expected: "新姓名1765260462902"
    Received: "新姓名1765257956375"
    Timeout:  5000ms

    Call log:
      - Expect "toHaveValue" with timeout 5000ms
      - waiting for locator('[data-testid="profile-form-name-input"]')
        9 × locator resolved to <input id="name" type="text" aria-label="姓名输入框" placeholder="请输入姓名" aria-required="true" value="新姓名1765257956375" data-testid="profile-form-name-input" class="ant-input ant-input-lg css-dev-only-do-not-override-198drv2 ant-input-outlined ant-input-status-success"/>
          - unexpected value "新姓名1765257956375"


      72 |       await page.waitForSelector('[data-testid="profile-form-name-input"]', { timeout: 5000 })
      73 |       await page.waitForTimeout(1000) // 等待表单数据加载
    > 74 |       await expect(page.locator('[data-testid="profile-form-name-input"]')).toHaveValue(newName)
         |                                                                             ^
      75 |     })
      76 |
      77 |     test('可以修改手机号', async ({ page }) => {
        at /Users/krame/Workspace/aiproject/Hackathon/test/playwright/103/tests/07-profile.spec.ts:74:77

    attachment #1: screenshot (image/png) ──────────────────────────────────────────────────────────
    ../test-results/07-profile-个人中心-修改个人信息-可以修改姓名-chromium/test-failed-1.png
    ────────────────────────────────────────────────────────────────────────────────────────────────

    attachment #2: video (video/webm) ──────────────────────────────────────────────────────────────
    ../test-results/07-profile-个人中心-修改个人信息-可以修改姓名-chromium/video.webm
    ────────────────────────────────────────────────────────────────────────────────────────────────

    Error Context: ../test-results/07-profile-个人中心-修改个人信息-可以修改姓名-chromium/error-context.md
]]>
</failure>
<system-out>
<![CDATA[
[[ATTACHMENT|../test-results/07-profile-个人中心-修改个人信息-可以修改姓名-chromium/test-failed-1.png]]

[[ATTACHMENT|../test-results/07-profile-个人中心-修改个人信息-可以修改姓名-chromium/video.webm]]

[[ATTACHMENT|../test-results/07-profile-个人中心-修改个人信息-可以修改姓名-chromium/error-context.md]]
]]>
</system-out>
</testcase>
<testcase name="个人中心 › 修改个人信息 › 可以修改手机号" classname="07-profile.spec.ts" time="12.37">
<failure message="07-profile.spec.ts:77:9 可以修改手机号" type="FAILURE">
<![CDATA[  [chromium] › 07-profile.spec.ts:77:9 › 个人中心 › 修改个人信息 › 可以修改手机号 ───────────────────────────────────

    Error: expect(locator).toHaveValue(expected) failed

    Locator:  locator('[data-testid="profile-form-phone-input"]')
    Expected: "13860465072"
    Received: "13800006375"
    Timeout:  5000ms

    Call log:
      - Expect "toHaveValue" with timeout 5000ms
      - waiting for locator('[data-testid="profile-form-phone-input"]')
        9 × locator resolved to <input id="phone" type="text" aria-label="手机号输入框" value="13800006375" placeholder="请输入手机号" data-testid="profile-form-phone-input" class="ant-input ant-input-lg css-dev-only-do-not-override-198drv2 ant-input-outlined ant-input-status-success"/>
          - unexpected value "13800006375"


      89 |       await page.waitForSelector('[data-testid="profile-form-phone-input"]', { timeout: 5000 })
      90 |       await page.waitForTimeout(1000) // 等待表单数据加载
    > 91 |       await expect(page.locator('[data-testid="profile-form-phone-input"]')).toHaveValue(newPhone)
         |                                                                              ^
      92 |     })
      93 |
      94 |     test('不能修改邮箱', async ({ page }) => {
        at /Users/krame/Workspace/aiproject/Hackathon/test/playwright/103/tests/07-profile.spec.ts:91:78

    attachment #1: screenshot (image/png) ──────────────────────────────────────────────────────────
    ../test-results/07-profile-个人中心-修改个人信息-可以修改手机号-chromium/test-failed-1.png
    ────────────────────────────────────────────────────────────────────────────────────────────────

    attachment #2: video (video/webm) ──────────────────────────────────────────────────────────────
    ../test-results/07-profile-个人中心-修改个人信息-可以修改手机号-chromium/video.webm
    ────────────────────────────────────────────────────────────────────────────────────────────────

    Error Context: ../test-results/07-profile-个人中心-修改个人信息-可以修改手机号-chromium/error-context.md
]]>
</failure>
<system-out>
<![CDATA[
[[ATTACHMENT|../test-results/07-profile-个人中心-修改个人信息-可以修改手机号-chromium/test-failed-1.png]]

[[ATTACHMENT|../test-results/07-profile-个人中心-修改个人信息-可以修改手机号-chromium/video.webm]]

[[ATTACHMENT|../test-results/07-profile-个人中心-修改个人信息-可以修改手机号-chromium/error-context.md]]
]]>
</system-out>
</testcase>
<testcase name="个人中心 › 修改个人信息 › 不能修改邮箱" classname="07-profile.spec.ts" time="6.162">
</testcase>
<testcase name="个人中心 › 修改个人信息 › 不能修改角色" classname="07-profile.spec.ts" time="5.448">
</testcase>
<testcase name="个人中心 › 修改密码 › 可以打开修改密码对话框" classname="07-profile.spec.ts" time="5.409">
</testcase>
<testcase name="个人中心 › 修改密码 › 修改密码需要填写原密码" classname="07-profile.spec.ts" time="30.168">
<failure message="07-profile.spec.ts:132:9 修改密码需要填写原密码" type="FAILURE">
<![CDATA[  [chromium] › 07-profile.spec.ts:132:9 › 个人中心 › 修改密码 › 修改密码需要填写原密码 ────────────────────────────────

    Test timeout of 30000ms exceeded.

    Error: page.click: Test timeout of 30000ms exceeded.
    Call log:
      - waiting for locator('[data-testid="profile-change-password-modal"] button:has-text("确定")')


      144 |       
      145 |       // 尝试提交（应该失败）
    > 146 |       await page.click('[data-testid="profile-change-password-modal"] button:has-text("确定")')
          |                  ^
      147 |       // 应该显示验证错误
      148 |       await page.waitForTimeout(500)
      149 |     })
        at /Users/krame/Workspace/aiproject/Hackathon/test/playwright/103/tests/07-profile.spec.ts:146:18

    attachment #1: screenshot (image/png) ──────────────────────────────────────────────────────────
    ../test-results/07-profile-个人中心-修改密码-修改密码需要填写原密码-chromium/test-failed-1.png
    ────────────────────────────────────────────────────────────────────────────────────────────────

    attachment #2: video (video/webm) ──────────────────────────────────────────────────────────────
    ../test-results/07-profile-个人中心-修改密码-修改密码需要填写原密码-chromium/video.webm
    ────────────────────────────────────────────────────────────────────────────────────────────────

    Error Context: ../test-results/07-profile-个人中心-修改密码-修改密码需要填写原密码-chromium/error-context.md
]]>
</failure>
<system-out>
<![CDATA[
[[ATTACHMENT|../test-results/07-profile-个人中心-修改密码-修改密码需要填写原密码-chromium/test-failed-1.png]]

[[ATTACHMENT|../test-results/07-profile-个人中心-修改密码-修改密码需要填写原密码-chromium/video.webm]]

[[ATTACHMENT|../test-results/07-profile-个人中心-修改密码-修改密码需要填写原密码-chromium/error-context.md]]
]]>
</system-out>
</testcase>
<testcase name="个人中心 › 修改密码 › 新密码至少8位" classname="07-profile.spec.ts" time="30.518">
<failure message="07-profile.spec.ts:151:9 新密码至少8位" type="FAILURE">
<![CDATA[  [chromium] › 07-profile.spec.ts:151:9 › 个人中心 › 修改密码 › 新密码至少8位 ────────────────────────────────────

    Test timeout of 30000ms exceeded.

    Error: page.click: Test timeout of 30000ms exceeded.
    Call log:
      - waiting for locator('[data-testid="profile-change-password-modal"] button:has-text("确定")')


      163 |       
      164 |       // 尝试提交（应该失败）
    > 165 |       await page.click('[data-testid="profile-change-password-modal"] button:has-text("确定")')
          |                  ^
      166 |       await page.waitForTimeout(500)
      167 |       // 应该显示验证错误
      168 |     })
        at /Users/krame/Workspace/aiproject/Hackathon/test/playwright/103/tests/07-profile.spec.ts:165:18

    attachment #1: screenshot (image/png) ──────────────────────────────────────────────────────────
    ../test-results/07-profile-个人中心-修改密码-新密码至少8位-chromium/test-failed-1.png
    ────────────────────────────────────────────────────────────────────────────────────────────────

    attachment #2: video (video/webm) ──────────────────────────────────────────────────────────────
    ../test-results/07-profile-个人中心-修改密码-新密码至少8位-chromium/video.webm
    ────────────────────────────────────────────────────────────────────────────────────────────────

    Error Context: ../test-results/07-profile-个人中心-修改密码-新密码至少8位-chromium/error-context.md
]]>
</failure>
<system-out>
<![CDATA[
[[ATTACHMENT|../test-results/07-profile-个人中心-修改密码-新密码至少8位-chromium/test-failed-1.png]]

[[ATTACHMENT|../test-results/07-profile-个人中心-修改密码-新密码至少8位-chromium/video.webm]]

[[ATTACHMENT|../test-results/07-profile-个人中心-修改密码-新密码至少8位-chromium/error-context.md]]
]]>
</system-out>
</testcase>
<testcase name="个人中心 › 修改密码 › 确认密码必须与新密码一致" classname="07-profile.spec.ts" time="30.201">
<failure message="07-profile.spec.ts:170:9 确认密码必须与新密码一致" type="FAILURE">
<![CDATA[  [chromium] › 07-profile.spec.ts:170:9 › 个人中心 › 修改密码 › 确认密码必须与新密码一致 ───────────────────────────────

    Test timeout of 30000ms exceeded.

    Error: page.click: Test timeout of 30000ms exceeded.
    Call log:
      - waiting for locator('[data-testid="profile-change-password-modal"] button:has-text("确定")')


      182 |       
      183 |       // 尝试提交（应该失败）
    > 184 |       await page.click('[data-testid="profile-change-password-modal"] button:has-text("确定")')
          |                  ^
      185 |       await page.waitForTimeout(500)
      186 |       // 应该显示验证错误
      187 |     })
        at /Users/krame/Workspace/aiproject/Hackathon/test/playwright/103/tests/07-profile.spec.ts:184:18

    attachment #1: screenshot (image/png) ──────────────────────────────────────────────────────────
    ../test-results/07-profile-个人中心-修改密码-确认密码必须与新密码一致-chromium/test-failed-1.png
    ────────────────────────────────────────────────────────────────────────────────────────────────

    attachment #2: video (video/webm) ──────────────────────────────────────────────────────────────
    ../test-results/07-profile-个人中心-修改密码-确认密码必须与新密码一致-chromium/video.webm
    ────────────────────────────────────────────────────────────────────────────────────────────────

    Error Context: ../test-results/07-profile-个人中心-修改密码-确认密码必须与新密码一致-chromium/error-context.md
]]>
</failure>
<system-out>
<![CDATA[
[[ATTACHMENT|../test-results/07-profile-个人中心-修改密码-确认密码必须与新密码一致-chromium/test-failed-1.png]]

[[ATTACHMENT|../test-results/07-profile-个人中心-修改密码-确认密码必须与新密码一致-chromium/video.webm]]

[[ATTACHMENT|../test-results/07-profile-个人中心-修改密码-确认密码必须与新密码一致-chromium/error-context.md]]
]]>
</system-out>
</testcase>
</testsuite>
</testsuites>